11:09:01:410  INFO 23076 --- [main] com.hmall.cart.CartApplication           : The following 1 profile is active: "dev"
11:09:02:476  INFO 23076 --- [main] o.s.cloud.context.scope.GenericScope     : BeanFactory id=b9a22fe5-191b-3261-a05f-257a24f14cee
11:09:03:015  INFO 23076 --- [main] o.s.b.w.embedded.tomcat.TomcatWebServer  : Tomcat initialized with port(s): 8082 (http)
11:09:03:031  INFO 23076 --- [main] o.apache.catalina.core.StandardService   : Starting service [Tomcat]
11:09:03:031  INFO 23076 --- [main] org.apache.catalina.core.StandardEngine  : Starting Servlet engine: [Apache Tomcat/9.0.75]
11:09:03:263  INFO 23076 --- [main] o.a.c.c.C.[Tomcat].[localhost].[/]       : Initializing Spring embedded WebApplicationContext
11:09:03:264  INFO 23076 --- [main] w.s.c.ServletWebServerApplicationContext : Root WebApplicationContext: initialization completed in 1828 ms
11:09:03:574  INFO 23076 --- [main] o.s.c.openfeign.FeignClientFactoryBean   : For 'item-service' URL not provided. Will try picking an instance via load-balancing.
11:09:09:159  INFO 23076 --- [main] pertySourcedRequestMappingHandlerMapping : Mapped URL path [/v2/api-docs] onto method [springfox.documentation.swagger2.web.Swagger2ControllerWebMvc#getDocumentation(String, HttpServletRequest)]
11:09:11:216  INFO 23076 --- [main] com.alibaba.nacos.common.remote.client   : [RpcClientFactory] create a new rpc client of d761c778-4124-4edc-b42f-4fdde2165ceb
11:09:11:216  INFO 23076 --- [main] com.alibaba.nacos.common.remote.client   : [d761c778-4124-4edc-b42f-4fdde2165ceb] RpcClient init label, labels = {module=naming, source=sdk}
11:09:11:219  INFO 23076 --- [main] com.alibaba.nacos.common.remote.client   : [d761c778-4124-4edc-b42f-4fdde2165ceb] RpcClient init, ServerListFactory = com.alibaba.nacos.client.naming.core.ServerListManager
11:09:11:219  INFO 23076 --- [main] com.alibaba.nacos.common.remote.client   : [d761c778-4124-4edc-b42f-4fdde2165ceb] Registry connection listener to current client:com.alibaba.nacos.client.naming.remote.gprc.redo.NamingGrpcRedoService
11:09:11:219  INFO 23076 --- [main] com.alibaba.nacos.common.remote.client   : [d761c778-4124-4edc-b42f-4fdde2165ceb] Register server push request handler:com.alibaba.nacos.client.naming.remote.gprc.NamingPushRequestHandler
11:09:11:220  INFO 23076 --- [main] com.alibaba.nacos.common.remote.client   : [d761c778-4124-4edc-b42f-4fdde2165ceb] Try to connect to server on start up, server: {serverIp = '192.168.213.129', server main port = 8848}
11:09:11:412  INFO 23076 --- [main] com.alibaba.nacos.common.remote.client   : [d761c778-4124-4edc-b42f-4fdde2165ceb] Success to connect to server [192.168.213.129:8848] on start up, connectionId = 1757675351524_192.168.213.1_57543
11:09:11:412  INFO 23076 --- [main] com.alibaba.nacos.common.remote.client   : [d761c778-4124-4edc-b42f-4fdde2165ceb] Register server push request handler:com.alibaba.nacos.common.remote.client.RpcClient$ConnectResetRequestHandler
11:09:11:412  INFO 23076 --- [com.alibaba.nacos.client.remote.worker] com.alibaba.nacos.common.remote.client   : [d761c778-4124-4edc-b42f-4fdde2165ceb] Notify connected event to listeners.
11:09:11:413  INFO 23076 --- [main] com.alibaba.nacos.common.remote.client   : [d761c778-4124-4edc-b42f-4fdde2165ceb] Register server push request handler:com.alibaba.nacos.common.remote.client.RpcClient$$Lambda$474/0x000000080047e840
11:09:11:496  INFO 23076 --- [main] o.s.b.w.embedded.tomcat.TomcatWebServer  : Tomcat started on port(s): 8082 (http) with context path ''
11:09:11:555  INFO 23076 --- [main] c.a.c.n.registry.NacosServiceRegistry    : nacos registry, DEFAULT_GROUP cart-service 192.168.50.232:8082 register finished
11:09:12:036  INFO 23076 --- [nacos-grpc-client-executor-9] com.alibaba.nacos.common.remote.client   : [d761c778-4124-4edc-b42f-4fdde2165ceb] Receive server push request, request = NotifySubscriberRequest, requestId = 2
11:09:12:041  INFO 23076 --- [nacos-grpc-client-executor-9] com.alibaba.nacos.common.remote.client   : [d761c778-4124-4edc-b42f-4fdde2165ceb] Ack server push request, request = NotifySubscriberRequest, requestId = 2
11:09:13:183  INFO 23076 --- [main] d.s.w.p.DocumentationPluginsBootstrapper : Documentation plugins bootstrapped
11:09:13:187  INFO 23076 --- [main] d.s.w.p.DocumentationPluginsBootstrapper : Found 1 custom documentation plugin(s)
11:09:13:228  INFO 23076 --- [main] s.d.s.w.s.ApiListingReferenceScanner     : Scanning for api listing references
11:09:13:397  INFO 23076 --- [main] com.hmall.cart.CartApplication           : Started CartApplication in 21.234 seconds (JVM running for 22.908)
11:09:13:406  INFO 23076 --- [main] c.a.c.n.refresh.NacosContextRefresher    : [Nacos Config] Listening config: dataId=cart-service, group=DEFAULT_GROUP
11:09:13:408  INFO 23076 --- [main] c.a.c.n.refresh.NacosContextRefresher    : [Nacos Config] Listening config: dataId=cart-service.yaml, group=DEFAULT_GROUP
11:09:13:408  INFO 23076 --- [main] c.a.c.n.refresh.NacosContextRefresher    : [Nacos Config] Listening config: dataId=cart-service-dev.yaml, group=DEFAULT_GROUP
11:14:41:784  INFO 23076 --- [http-nio-8082-exec-2] o.a.c.c.C.[Tomcat].[localhost].[/]       : Initializing Spring DispatcherServlet 'dispatcherServlet'
11:14:41:785  INFO 23076 --- [http-nio-8082-exec-2] o.s.web.servlet.DispatcherServlet        : Initializing Servlet 'dispatcherServlet'
11:14:41:786  INFO 23076 --- [http-nio-8082-exec-2] o.s.web.servlet.DispatcherServlet        : Completed initialization in 1 ms
12:14:25:756  WARN 23076 --- [Thread-5] c.a.nacos.common.notify.NotifyCenter     : [NotifyCenter] Start destroying Publisher
12:14:25:756  WARN 23076 --- [Thread-1] c.a.n.common.http.HttpClientBeanHolder   : [HttpClientBeanHolder] Start destroying common HttpClient
12:14:25:767  WARN 23076 --- [Thread-5] c.a.nacos.common.notify.NotifyCenter     : [NotifyCenter] Destruction of the end
12:14:25:770  WARN 23076 --- [Thread-1] c.a.n.common.http.HttpClientBeanHolder   : [HttpClientBeanHolder] Destruction of the end
12:14:26:637  INFO 23076 --- [SpringApplicationShutdownHook] c.a.c.n.registry.NacosServiceRegistry    : De-registering from Nacos Server now...
12:14:26:646  INFO 23076 --- [SpringApplicationShutdownHook] c.a.c.n.registry.NacosServiceRegistry    : De-registration finished.
12:14:26:983  INFO 23076 --- [SpringApplicationShutdownHook] com.alibaba.nacos.common.remote.client   : Shutdown rpc client, set status to shutdown
12:14:26:983  INFO 23076 --- [SpringApplicationShutdownHook] com.alibaba.nacos.common.remote.client   : Shutdown client event executor java.util.concurrent.ScheduledThreadPoolExecutor@22db517[Running, pool size = 2, active threads = 2, queued tasks = 0, completed tasks = 0]
12:14:26:984  INFO 23076 --- [SpringApplicationShutdownHook] com.alibaba.nacos.common.remote.client   : Close current connection 1757675351524_192.168.213.1_57543
12:14:26:986  INFO 23076 --- [nacos-grpc-client-executor-819] c.a.n.c.remote.client.grpc.GrpcClient    : [1757675351524_192.168.213.1_57543]Ignore complete event,isRunning:false,isAbandon=false
12:14:26:994  INFO 23076 --- [SpringApplicationShutdownHook] c.a.n.c.remote.client.grpc.GrpcClient    : Shutdown grpc executor java.util.concurrent.ThreadPoolExecutor@16b3a694[Running, pool size = 6, active threads = 0, queued tasks = 0, completed tasks = 820]
