14:56:47:840  INFO 22212 --- [main] com.hmall.item.ItemApplication           : The following 1 profile is active: "local"
14:56:48:518  INFO 22212 --- [main] o.s.cloud.context.scope.GenericScope     : BeanFactory id=483c5a00-452f-3542-9cff-239199946bde
14:56:48:783  INFO 22212 --- [main] o.s.b.w.embedded.tomcat.TomcatWebServer  : Tomcat initialized with port(s): 8081 (http)
14:56:48:795  INFO 22212 --- [main] o.apache.catalina.core.StandardService   : Starting service [Tomcat]
14:56:48:796  INFO 22212 --- [main] org.apache.catalina.core.StandardEngine  : Starting Servlet engine: [Apache Tomcat/9.0.75]
14:56:48:954  INFO 22212 --- [main] o.a.c.c.C.[Tomcat].[localhost].[/]       : Initializing Spring embedded WebApplicationContext
14:56:48:954  INFO 22212 --- [main] w.s.c.ServletWebServerApplicationContext : Root WebApplicationContext: initialization completed in 1102 ms
14:56:52:230  INFO 22212 --- [main] pertySourcedRequestMappingHandlerMapping : Mapped URL path [/v2/api-docs] onto method [springfox.documentation.swagger2.web.Swagger2ControllerWebMvc#getDocumentation(String, HttpServletRequest)]
14:56:53:064  INFO 22212 --- [main] com.alibaba.nacos.common.remote.client   : [RpcClientFactory] create a new rpc client of 90337a47-937c-40ad-90d2-bb4c173fe04d
14:56:53:065  INFO 22212 --- [main] com.alibaba.nacos.common.remote.client   : [90337a47-937c-40ad-90d2-bb4c173fe04d] RpcClient init label, labels = {module=naming, source=sdk}
14:56:53:066  INFO 22212 --- [main] com.alibaba.nacos.common.remote.client   : [90337a47-937c-40ad-90d2-bb4c173fe04d] RpcClient init, ServerListFactory = com.alibaba.nacos.client.naming.core.ServerListManager
14:56:53:066  INFO 22212 --- [main] com.alibaba.nacos.common.remote.client   : [90337a47-937c-40ad-90d2-bb4c173fe04d] Registry connection listener to current client:com.alibaba.nacos.client.naming.remote.gprc.redo.NamingGrpcRedoService
14:56:53:067  INFO 22212 --- [main] com.alibaba.nacos.common.remote.client   : [90337a47-937c-40ad-90d2-bb4c173fe04d] Register server push request handler:com.alibaba.nacos.client.naming.remote.gprc.NamingPushRequestHandler
14:56:53:067  INFO 22212 --- [main] com.alibaba.nacos.common.remote.client   : [90337a47-937c-40ad-90d2-bb4c173fe04d] Try to connect to server on start up, server: {serverIp = '192.168.213.129', server main port = 8848}
14:56:53:199  INFO 22212 --- [main] com.alibaba.nacos.common.remote.client   : [90337a47-937c-40ad-90d2-bb4c173fe04d] Success to connect to server [192.168.213.129:8848] on start up, connectionId = 1755874613152_192.168.213.1_56531
14:56:53:199  INFO 22212 --- [main] com.alibaba.nacos.common.remote.client   : [90337a47-937c-40ad-90d2-bb4c173fe04d] Register server push request handler:com.alibaba.nacos.common.remote.client.RpcClient$ConnectResetRequestHandler
14:56:53:199  INFO 22212 --- [main] com.alibaba.nacos.common.remote.client   : [90337a47-937c-40ad-90d2-bb4c173fe04d] Register server push request handler:com.alibaba.nacos.common.remote.client.RpcClient$$Lambda$473/0x0000000800413040
14:56:53:199  INFO 22212 --- [com.alibaba.nacos.client.remote.worker] com.alibaba.nacos.common.remote.client   : [90337a47-937c-40ad-90d2-bb4c173fe04d] Notify connected event to listeners.
14:56:53:239  INFO 22212 --- [main] o.s.b.w.embedded.tomcat.TomcatWebServer  : Tomcat started on port(s): 8081 (http) with context path ''
14:56:53:246  INFO 22212 --- [main] c.a.c.n.registry.NacosServiceRegistry    : nacos registry, DEFAULT_GROUP item-service 192.168.50.230:8081 register finished
14:56:53:719  INFO 22212 --- [nacos-grpc-client-executor-6] com.alibaba.nacos.common.remote.client   : [90337a47-937c-40ad-90d2-bb4c173fe04d] Receive server push request, request = NotifySubscriberRequest, requestId = 2
14:56:53:721  INFO 22212 --- [nacos-grpc-client-executor-6] com.alibaba.nacos.common.remote.client   : [90337a47-937c-40ad-90d2-bb4c173fe04d] Ack server push request, request = NotifySubscriberRequest, requestId = 2
14:56:54:051  INFO 22212 --- [main] d.s.w.p.DocumentationPluginsBootstrapper : Documentation plugins bootstrapped
14:56:54:053  INFO 22212 --- [main] d.s.w.p.DocumentationPluginsBootstrapper : Found 1 custom documentation plugin(s)
14:56:54:085  INFO 22212 --- [main] s.d.s.w.s.ApiListingReferenceScanner     : Scanning for api listing references
14:56:54:173  INFO 22212 --- [main] com.hmall.item.ItemApplication           : Started ItemApplication in 11.43 seconds (JVM running for 12.798)
14:56:54:177  INFO 22212 --- [main] c.a.c.n.refresh.NacosContextRefresher    : [Nacos Config] Listening config: dataId=item-service.yaml, group=DEFAULT_GROUP
14:56:54:178  INFO 22212 --- [main] c.a.c.n.refresh.NacosContextRefresher    : [Nacos Config] Listening config: dataId=item-service-local.yaml, group=DEFAULT_GROUP
14:56:54:178  INFO 22212 --- [main] c.a.c.n.refresh.NacosContextRefresher    : [Nacos Config] Listening config: dataId=item-service, group=DEFAULT_GROUP
15:04:05:008  WARN 22212 --- [Thread-5] c.a.nacos.common.notify.NotifyCenter     : [NotifyCenter] Start destroying Publisher
15:04:05:008  WARN 22212 --- [Thread-1] c.a.n.common.http.HttpClientBeanHolder   : [HttpClientBeanHolder] Start destroying common HttpClient
15:04:05:009  WARN 22212 --- [Thread-5] c.a.nacos.common.notify.NotifyCenter     : [NotifyCenter] Destruction of the end
15:04:05:009  WARN 22212 --- [Thread-1] c.a.n.common.http.HttpClientBeanHolder   : [HttpClientBeanHolder] Destruction of the end
15:04:05:690  INFO 22212 --- [SpringApplicationShutdownHook] c.a.c.n.registry.NacosServiceRegistry    : De-registering from Nacos Server now...
15:04:05:695  INFO 22212 --- [SpringApplicationShutdownHook] c.a.c.n.registry.NacosServiceRegistry    : De-registration finished.
15:04:06:027  INFO 22212 --- [SpringApplicationShutdownHook] com.alibaba.nacos.common.remote.client   : Shutdown rpc client, set status to shutdown
15:04:06:027  INFO 22212 --- [SpringApplicationShutdownHook] com.alibaba.nacos.common.remote.client   : Shutdown client event executor java.util.concurrent.ScheduledThreadPoolExecutor@5ee005d2[Running, pool size = 2, active threads = 2, queued tasks = 0, completed tasks = 0]
15:04:06:027  INFO 22212 --- [SpringApplicationShutdownHook] com.alibaba.nacos.common.remote.client   : Close current connection 1755874613152_192.168.213.1_56531
15:04:06:029  INFO 22212 --- [nacos-grpc-client-executor-104] c.a.n.c.remote.client.grpc.GrpcClient    : [1755874613152_192.168.213.1_56531]Ignore complete event,isRunning:false,isAbandon=false
15:04:06:032  INFO 22212 --- [SpringApplicationShutdownHook] c.a.n.c.remote.client.grpc.GrpcClient    : Shutdown grpc executor java.util.concurrent.ThreadPoolExecutor@140ac657[Running, pool size = 4, active threads = 0, queued tasks = 0, completed tasks = 105]
